app/build/intermediates/manifest_merge_blame_file/debug/manifest-merger-blame-debug-report.txt
1<?xml version="1.0" encoding="utf-8"?>
2<manifest xmlns:android="http://schemas.android.com/apk/res/android"
3    package="com.example.helloworld"
4    android:versionCode="1"
5    android:versionName="1.0" >
6
7    <uses-sdk
8        android:minSdkVersion="21"
8-->src/main/AndroidManifest.xml
9        android:targetSdkVersion="32" />
9-->src/main/AndroidManifest.xml
10
11    <application
11-->src/main/AndroidManifest.xml:5:5-36:19
12        android:allowBackup="true"
12-->src/main/AndroidManifest.xml:6:9-35
13        android:appComponentFactory="androidx.core.app.CoreComponentFactory"
13-->[androidx.core:core:1.3.1] AndroidManifest.xml:24:18-86
14        android:debuggable="true"
15        android:icon="@drawable/cafe_icon"
15-->src/main/AndroidManifest.xml:7:9-43
16        android:label="Thanh&apos;s app"
16-->src/main/AndroidManifest.xml:8:9-41
17        android:roundIcon="@mipmap/ic_launcher_round"
17-->src/main/AndroidManifest.xml:9:9-54
18        android:supportsRtl="true"
18-->src/main/AndroidManifest.xml:10:9-35
19        android:testOnly="true"
20        android:theme="@style/Theme.HelloWorld" >
20-->src/main/AndroidManifest.xml:11:9-48
21        <activity
21-->src/main/AndroidManifest.xml:12:9-14:39
22            android:name="com.example.helloworld.Espresso"
22-->src/main/AndroidManifest.xml:13:13-37
23            android:exported="true" />
23-->src/main/AndroidManifest.xml:14:13-36
24        <activity
24-->src/main/AndroidManifest.xml:15:9-17:39
25            android:name="com.example.helloworld.ActivityCart"
25-->src/main/AndroidManifest.xml:16:13-41
26            android:exported="true" />
26-->src/main/AndroidManifest.xml:17:13-36
27        <activity
27-->src/main/AndroidManifest.xml:18:9-20:39
28            android:name="com.example.helloworld.BlackCoffee"
28-->src/main/AndroidManifest.xml:19:13-40
29            android:exported="true" />
29-->src/main/AndroidManifest.xml:20:13-36
30        <activity
30-->src/main/AndroidManifest.xml:21:9-23:39
31            android:name="com.example.helloworld.MenuCoffee"
31-->src/main/AndroidManifest.xml:22:13-39
32            android:exported="true" />
32-->src/main/AndroidManifest.xml:23:13-36
33        <activity
33-->src/main/AndroidManifest.xml:24:9-26:39
34            android:name="com.example.helloworld.OrderPlace"
34-->src/main/AndroidManifest.xml:25:13-39
35            android:exported="true" />
35-->src/main/AndroidManifest.xml:26:13-36
36        <activity
36-->src/main/AndroidManifest.xml:27:9-35:20
37            android:name="com.example.helloworld.MainActivity"
37-->src/main/AndroidManifest.xml:28:13-41
38            android:exported="true" >
38-->src/main/AndroidManifest.xml:29:13-36
39            <intent-filter>
39-->src/main/AndroidManifest.xml:30:13-34:29
40                <action android:name="android.intent.action.MAIN" />
40-->src/main/AndroidManifest.xml:31:17-69
40-->src/main/AndroidManifest.xml:31:25-66
41
42                <category android:name="android.intent.category.LAUNCHER" />
42-->src/main/AndroidManifest.xml:33:17-77
42-->src/main/AndroidManifest.xml:33:27-74
43            </intent-filter>
44        </activity>
45    </application>
46
47</manifest>